[{"line":1,"elements":[{"line":3,"name":"","description":"","type":"background","keyword":"Background","steps":[{"result":{"duration":9410200,"status":"passed"},"line":4,"name":"User navigate to the organgeHRM application","match":{"location":"steps.LoginSteps.userNavigateToTheOrgangeHRMApplication()"},"keyword":"Given "}]},{"start_timestamp":"2022-11-07T19:29:12.970Z","before":[{"result":{"duration":5104300,"status":"passed"},"match":{"location":"MyHook.Hooks.initalization(io.cucumber.java.Scenario)"}},{"result":{"duration":7609181800,"status":"passed"},"match":{"location":"MyHook.Hooks.setup(io.cucumber.java.Scenario)"}}],"line":6,"name":"Verify user should be able to login to application","description":"","id":"login-functionality-of-oranghrm-application;verify-user-should-be-able-to-login-to-application","after":[{"result":{"duration":342703300,"status":"passed"},"match":{"location":"MyHook.Hooks.teardown(io.cucumber.java.Scenario)"}},{"result":{"duration":308300,"status":"passed"},"match":{"location":"MyHook.Hooks.deletecookies(io.cucumber.java.Scenario)"}}],"type":"scenario","keyword":"Scenario","steps":[{"result":{"error_message":"org.openqa.selenium.NoSuchElementException: no such element: Unable to locate element: {\"method\":\"xpath\",\"selector\":\"//input[@placeholder='Username']\"}\n  (Session info: chrome=107.0.5304.88)\nFor documentation on this error, please visit: https://selenium.dev/exceptions/#no_such_element\nBuild info: version: '4.4.0', revision: 'e5c75ed026a'\nSystem info: host: 'DESKTOP-8BD0QAM', ip: '192.168.99.1', os.name: 'Windows 10', os.arch: 'amd64', os.version: '10.0', java.version: '14.0.2'\nDriver info: org.openqa.selenium.chrome.ChromeDriver\nCommand: [78f1576ef515235dbca6ff5e6460954c, findElement {using=xpath, value=//input[@placeholder='Username']}]\nCapabilities {acceptInsecureCerts: false, browserName: chrome, browserVersion: 107.0.5304.88, chrome: {chromedriverVersion: 107.0.5304.62 (1eec40d3a576..., userDataDir: C:\\Users\\Anand\\AppData\\Loca...}, goog:chromeOptions: {debuggerAddress: localhost:60547}, networkConnectionEnabled: false, pageLoadStrategy: normal, platformName: WINDOWS, proxy: Proxy(), se:cdp: ws://localhost:60547/devtoo..., se:cdpVersion: 107.0.5304.88, setWindowRect: true, strictFileInteractability: false, timeouts: {implicit: 0, pageLoad: 300000, script: 30000}, unhandledPromptBehavior: dismiss and notify, webauthn:extension:credBlob: true, webauthn:extension:largeBlob: true, webauthn:virtualAuthenticators: true}\nSession ID: 78f1576ef515235dbca6ff5e6460954c\r\n\tat java.base/jdk.internal.reflect.NativeConstructorAccessorImpl.newInstance0(Native Method)\r\n\tat java.base/jdk.internal.reflect.NativeConstructorAccessorImpl.newInstance(NativeConstructorAccessorImpl.java:62)\r\n\tat java.base/jdk.internal.reflect.DelegatingConstructorAccessorImpl.newInstance(DelegatingConstructorAccessorImpl.java:45)\r\n\tat java.base/java.lang.reflect.Constructor.newInstanceWithCaller(Constructor.java:500)\r\n\tat java.base/java.lang.reflect.Constructor.newInstance(Constructor.java:481)\r\n\tat org.openqa.selenium.remote.codec.w3c.W3CHttpResponseCodec.createException(W3CHttpResponseCodec.java:200)\r\n\tat org.openqa.selenium.remote.codec.w3c.W3CHttpResponseCodec.decode(W3CHttpResponseCodec.java:133)\r\n\tat org.openqa.selenium.remote.codec.w3c.W3CHttpResponseCodec.decode(W3CHttpResponseCodec.java:53)\r\n\tat org.openqa.selenium.remote.HttpCommandExecutor.execute(HttpCommandExecutor.java:184)\r\n\tat org.openqa.selenium.remote.service.DriverCommandExecutor.invokeExecute(DriverCommandExecutor.java:167)\r\n\tat org.openqa.selenium.remote.service.DriverCommandExecutor.execute(DriverCommandExecutor.java:142)\r\n\tat org.openqa.selenium.remote.RemoteWebDriver.execute(RemoteWebDriver.java:547)\r\n\tat org.openqa.selenium.remote.ElementLocation$ElementFinder$2.findElement(ElementLocation.java:162)\r\n\tat org.openqa.selenium.remote.ElementLocation.findElement(ElementLocation.java:60)\r\n\tat org.openqa.selenium.remote.RemoteWebDriver.findElement(RemoteWebDriver.java:365)\r\n\tat org.openqa.selenium.remote.RemoteWebDriver.findElement(RemoteWebDriver.java:357)\r\n\tat org.openqa.selenium.support.pagefactory.DefaultElementLocator.findElement(DefaultElementLocator.java:70)\r\n\tat org.openqa.selenium.support.pagefactory.internal.LocatingElementHandler.invoke(LocatingElementHandler.java:39)\r\n\tat com.sun.proxy.$Proxy29.sendKeys(Unknown Source)\r\n\tat pages.LoginPage.enterUsername(LoginPage.java:35)\r\n\tat steps.LoginSteps.userEnterTheUserNameAsAdmin(LoginSteps.java:24)\r\n\tat ✽.User enter the user name as Admin(file:///D:/September/BDDCucumber/src/test/java/features/login.feature:7)\r\n","duration":75168413400,"status":"failed"},"line":7,"name":"User enter the user name as Admin","match":{"location":"steps.LoginSteps.userEnterTheUserNameAsAdmin()"},"keyword":"And "},{"result":{"status":"skipped"},"line":8,"name":"User enter the password as admin123","match":{"location":"steps.LoginSteps.userEnterThePasswordAsAdmin123()"},"keyword":"And "},{"result":{"status":"skipped"},"line":9,"name":"User click on the login button","match":{"location":"steps.LoginSteps.userClickOnTheLoginButton()"},"keyword":"When "},{"result":{"status":"skipped"},"line":10,"name":"Login should be success","match":{"location":"steps.LoginSteps.loginShouldBeSuccess()"},"keyword":"Then "}],"tags":[{"name":"@smoke"},{"name":"@regression"}]},{"line":3,"name":"","description":"","type":"background","keyword":"Background","steps":[{"result":{"status":"passed"},"line":4,"name":"User navigate to the organgeHRM application","match":{"location":"steps.LoginSteps.userNavigateToTheOrgangeHRMApplication()"},"keyword":"Given "}]},{"start_timestamp":"2022-11-07T19:30:36.221Z","before":[{"result":{"duration":496600,"status":"passed"},"match":{"location":"MyHook.Hooks.initalization(io.cucumber.java.Scenario)"}},{"result":{"duration":4517051100,"status":"passed"},"match":{"location":"MyHook.Hooks.setup(io.cucumber.java.Scenario)"}}],"line":20,"name":"Verify user should be able to login to application","description":"","id":"login-functionality-of-oranghrm-application;verify-user-should-be-able-to-login-to-application","after":[{"result":{"duration":359065800,"status":"passed"},"match":{"location":"MyHook.Hooks.teardown(io.cucumber.java.Scenario)"}},{"result":{"status":"passed"},"match":{"location":"MyHook.Hooks.deletecookies(io.cucumber.java.Scenario)"}}],"type":"scenario","keyword":"Scenario","steps":[{"result":{"error_message":"org.openqa.selenium.NoSuchElementException: no such element: Unable to locate element: {\"method\":\"xpath\",\"selector\":\"//input[@placeholder='Username']\"}\n  (Session info: chrome=107.0.5304.88)\nFor documentation on this error, please visit: https://selenium.dev/exceptions/#no_such_element\nBuild info: version: '4.4.0', revision: 'e5c75ed026a'\nSystem info: host: 'DESKTOP-8BD0QAM', ip: '192.168.99.1', os.name: 'Windows 10', os.arch: 'amd64', os.version: '10.0', java.version: '14.0.2'\nDriver info: org.openqa.selenium.chrome.ChromeDriver\nCommand: [f41b14ae5c697c981ac731d8c5ad5a74, findElement {using=xpath, value=//input[@placeholder='Username']}]\nCapabilities {acceptInsecureCerts: false, browserName: chrome, browserVersion: 107.0.5304.88, chrome: {chromedriverVersion: 107.0.5304.62 (1eec40d3a576..., userDataDir: C:\\Users\\Anand\\AppData\\Loca...}, goog:chromeOptions: {debuggerAddress: localhost:60590}, networkConnectionEnabled: false, pageLoadStrategy: normal, platformName: WINDOWS, proxy: Proxy(), se:cdp: ws://localhost:60590/devtoo..., se:cdpVersion: 107.0.5304.88, setWindowRect: true, strictFileInteractability: false, timeouts: {implicit: 0, pageLoad: 300000, script: 30000}, unhandledPromptBehavior: dismiss and notify, webauthn:extension:credBlob: true, webauthn:extension:largeBlob: true, webauthn:virtualAuthenticators: true}\nSession ID: f41b14ae5c697c981ac731d8c5ad5a74\r\n\tat java.base/jdk.internal.reflect.NativeConstructorAccessorImpl.newInstance0(Native Method)\r\n\tat java.base/jdk.internal.reflect.NativeConstructorAccessorImpl.newInstance(NativeConstructorAccessorImpl.java:62)\r\n\tat java.base/jdk.internal.reflect.DelegatingConstructorAccessorImpl.newInstance(DelegatingConstructorAccessorImpl.java:45)\r\n\tat java.base/java.lang.reflect.Constructor.newInstanceWithCaller(Constructor.java:500)\r\n\tat java.base/java.lang.reflect.Constructor.newInstance(Constructor.java:481)\r\n\tat org.openqa.selenium.remote.codec.w3c.W3CHttpResponseCodec.createException(W3CHttpResponseCodec.java:200)\r\n\tat org.openqa.selenium.remote.codec.w3c.W3CHttpResponseCodec.decode(W3CHttpResponseCodec.java:133)\r\n\tat org.openqa.selenium.remote.codec.w3c.W3CHttpResponseCodec.decode(W3CHttpResponseCodec.java:53)\r\n\tat org.openqa.selenium.remote.HttpCommandExecutor.execute(HttpCommandExecutor.java:184)\r\n\tat org.openqa.selenium.remote.service.DriverCommandExecutor.invokeExecute(DriverCommandExecutor.java:167)\r\n\tat org.openqa.selenium.remote.service.DriverCommandExecutor.execute(DriverCommandExecutor.java:142)\r\n\tat org.openqa.selenium.remote.RemoteWebDriver.execute(RemoteWebDriver.java:547)\r\n\tat org.openqa.selenium.remote.ElementLocation$ElementFinder$2.findElement(ElementLocation.java:162)\r\n\tat org.openqa.selenium.remote.ElementLocation.findElement(ElementLocation.java:60)\r\n\tat org.openqa.selenium.remote.RemoteWebDriver.findElement(RemoteWebDriver.java:365)\r\n\tat org.openqa.selenium.remote.RemoteWebDriver.findElement(RemoteWebDriver.java:357)\r\n\tat org.openqa.selenium.support.pagefactory.DefaultElementLocator.findElement(DefaultElementLocator.java:70)\r\n\tat org.openqa.selenium.support.pagefactory.internal.LocatingElementHandler.invoke(LocatingElementHandler.java:39)\r\n\tat com.sun.proxy.$Proxy29.sendKeys(Unknown Source)\r\n\tat pages.LoginPage.enterUsername(LoginPage.java:35)\r\n\tat steps.LoginSteps.userEnterTheUserNameAs(LoginSteps.java:73)\r\n\tat ✽.User enter the user name as \"Admin\"(file:///D:/September/BDDCucumber/src/test/java/features/login.feature:21)\r\n","duration":75051566300,"status":"failed"},"line":21,"name":"User enter the user name as \"Admin\"","match":{"arguments":[{"val":"\"Admin\"","offset":28}],"location":"steps.LoginSteps.userEnterTheUserNameAs(java.lang.String)"},"keyword":"And "},{"result":{"status":"skipped"},"line":22,"name":"User enter the password as \"admin13\"","match":{"arguments":[{"val":"\"admin13\"","offset":27}],"location":"steps.LoginSteps.userEnterThePasswordAs(java.lang.String)"},"keyword":"And "},{"result":{"status":"skipped"},"line":23,"name":"User click on the login button","match":{"location":"steps.LoginSteps.userClickOnTheLoginButton()"},"keyword":"When "},{"result":{"duration":1072100,"status":"skipped"},"line":24,"name":"Login should be success","match":{"location":"steps.LoginSteps.loginShouldBeSuccess()"},"keyword":"Then "}],"tags":[{"name":"@sanity"},{"name":"@smoke"}]},{"line":3,"name":"","description":"","type":"background","keyword":"Background","steps":[{"result":{"status":"passed"},"line":4,"name":"User navigate to the organgeHRM application","match":{"location":"steps.LoginSteps.userNavigateToTheOrgangeHRMApplication()"},"keyword":"Given "}]},{"start_timestamp":"2022-11-07T19:31:56.207Z","before":[{"result":{"duration":496400,"status":"passed"},"match":{"location":"MyHook.Hooks.initalization(io.cucumber.java.Scenario)"}},{"result":{"duration":9073233500,"status":"passed"},"match":{"location":"MyHook.Hooks.setup(io.cucumber.java.Scenario)"}}],"line":35,"name":"Verify user should be able to login to application","description":"","id":"login-functionality-of-oranghrm-application;verify-user-should-be-able-to-login-to-application;;2","after":[{"result":{"duration":416450900,"status":"passed"},"match":{"location":"MyHook.Hooks.teardown(io.cucumber.java.Scenario)"}},{"result":{"status":"passed"},"match":{"location":"MyHook.Hooks.deletecookies(io.cucumber.java.Scenario)"}}],"type":"scenario","keyword":"Scenario Outline","steps":[{"result":{"error_message":"org.openqa.selenium.NoSuchElementException: no such element: Unable to locate element: {\"method\":\"xpath\",\"selector\":\"//input[@placeholder='Username']\"}\n  (Session info: chrome=107.0.5304.88)\nFor documentation on this error, please visit: https://selenium.dev/exceptions/#no_such_element\nBuild info: version: '4.4.0', revision: 'e5c75ed026a'\nSystem info: host: 'DESKTOP-8BD0QAM', ip: '192.168.99.1', os.name: 'Windows 10', os.arch: 'amd64', os.version: '10.0', java.version: '14.0.2'\nDriver info: org.openqa.selenium.chrome.ChromeDriver\nCommand: [314878e0ee5a03af11394874acd6315a, findElement {using=xpath, value=//input[@placeholder='Username']}]\nCapabilities {acceptInsecureCerts: false, browserName: chrome, browserVersion: 107.0.5304.88, chrome: {chromedriverVersion: 107.0.5304.62 (1eec40d3a576..., userDataDir: C:\\Users\\Anand\\AppData\\Loca...}, goog:chromeOptions: {debuggerAddress: localhost:60623}, networkConnectionEnabled: false, pageLoadStrategy: normal, platformName: WINDOWS, proxy: Proxy(), se:cdp: ws://localhost:60623/devtoo..., se:cdpVersion: 107.0.5304.88, setWindowRect: true, strictFileInteractability: false, timeouts: {implicit: 0, pageLoad: 300000, script: 30000}, unhandledPromptBehavior: dismiss and notify, webauthn:extension:credBlob: true, webauthn:extension:largeBlob: true, webauthn:virtualAuthenticators: true}\nSession ID: 314878e0ee5a03af11394874acd6315a\r\n\tat java.base/jdk.internal.reflect.NativeConstructorAccessorImpl.newInstance0(Native Method)\r\n\tat java.base/jdk.internal.reflect.NativeConstructorAccessorImpl.newInstance(NativeConstructorAccessorImpl.java:62)\r\n\tat java.base/jdk.internal.reflect.DelegatingConstructorAccessorImpl.newInstance(DelegatingConstructorAccessorImpl.java:45)\r\n\tat java.base/java.lang.reflect.Constructor.newInstanceWithCaller(Constructor.java:500)\r\n\tat java.base/java.lang.reflect.Constructor.newInstance(Constructor.java:481)\r\n\tat org.openqa.selenium.remote.codec.w3c.W3CHttpResponseCodec.createException(W3CHttpResponseCodec.java:200)\r\n\tat org.openqa.selenium.remote.codec.w3c.W3CHttpResponseCodec.decode(W3CHttpResponseCodec.java:133)\r\n\tat org.openqa.selenium.remote.codec.w3c.W3CHttpResponseCodec.decode(W3CHttpResponseCodec.java:53)\r\n\tat org.openqa.selenium.remote.HttpCommandExecutor.execute(HttpCommandExecutor.java:184)\r\n\tat org.openqa.selenium.remote.service.DriverCommandExecutor.invokeExecute(DriverCommandExecutor.java:167)\r\n\tat org.openqa.selenium.remote.service.DriverCommandExecutor.execute(DriverCommandExecutor.java:142)\r\n\tat org.openqa.selenium.remote.RemoteWebDriver.execute(RemoteWebDriver.java:547)\r\n\tat org.openqa.selenium.remote.ElementLocation$ElementFinder$2.findElement(ElementLocation.java:162)\r\n\tat org.openqa.selenium.remote.ElementLocation.findElement(ElementLocation.java:60)\r\n\tat org.openqa.selenium.remote.RemoteWebDriver.findElement(RemoteWebDriver.java:365)\r\n\tat org.openqa.selenium.remote.RemoteWebDriver.findElement(RemoteWebDriver.java:357)\r\n\tat org.openqa.selenium.support.pagefactory.DefaultElementLocator.findElement(DefaultElementLocator.java:70)\r\n\tat org.openqa.selenium.support.pagefactory.internal.LocatingElementHandler.invoke(LocatingElementHandler.java:39)\r\n\tat com.sun.proxy.$Proxy29.sendKeys(Unknown Source)\r\n\tat pages.LoginPage.enterUsername(LoginPage.java:35)\r\n\tat steps.LoginSteps.userEnterTheUserNameAs(LoginSteps.java:73)\r\n\tat ✽.User enter the user name as \"Admin\"(file:///D:/September/BDDCucumber/src/test/java/features/login.feature:28)\r\n","duration":75009436900,"status":"failed"},"line":28,"name":"User enter the user name as \"Admin\"","match":{"arguments":[{"val":"\"Admin\"","offset":28}],"location":"steps.LoginSteps.userEnterTheUserNameAs(java.lang.String)"},"keyword":"And "},{"result":{"status":"skipped"},"line":29,"name":"User enter the password as \"admin123\"","match":{"arguments":[{"val":"\"admin123\"","offset":27}],"location":"steps.LoginSteps.userEnterThePasswordAs(java.lang.String)"},"keyword":"And "},{"result":{"status":"skipped"},"line":30,"name":"User click on the login button","match":{"location":"steps.LoginSteps.userClickOnTheLoginButton()"},"keyword":"When "},{"result":{"status":"skipped"},"line":31,"name":"Login should be success","match":{"location":"steps.LoginSteps.loginShouldBeSuccess()"},"keyword":"Then "}],"tags":[{"name":"@regression"}]},{"line":3,"name":"","description":"","type":"background","keyword":"Background","steps":[{"result":{"status":"passed"},"line":4,"name":"User navigate to the organgeHRM application","match":{"location":"steps.LoginSteps.userNavigateToTheOrgangeHRMApplication()"},"keyword":"Given "}]},{"start_timestamp":"2022-11-07T19:33:20.757Z","before":[{"result":{"duration":427200,"status":"passed"},"match":{"location":"MyHook.Hooks.initalization(io.cucumber.java.Scenario)"}},{"result":{"duration":4968464700,"status":"passed"},"match":{"location":"MyHook.Hooks.setup(io.cucumber.java.Scenario)"}}],"line":36,"name":"Verify user should be able to login to application","description":"","id":"login-functionality-of-oranghrm-application;verify-user-should-be-able-to-login-to-application;;3","after":[{"result":{"duration":420331000,"status":"passed"},"match":{"location":"MyHook.Hooks.teardown(io.cucumber.java.Scenario)"}},{"result":{"status":"passed"},"match":{"location":"MyHook.Hooks.deletecookies(io.cucumber.java.Scenario)"}}],"type":"scenario","keyword":"Scenario Outline","steps":[{"result":{"error_message":"org.openqa.selenium.NoSuchElementException: no such element: Unable to locate element: {\"method\":\"xpath\",\"selector\":\"//input[@placeholder='Username']\"}\n  (Session info: chrome=107.0.5304.88)\nFor documentation on this error, please visit: https://selenium.dev/exceptions/#no_such_element\nBuild info: version: '4.4.0', revision: 'e5c75ed026a'\nSystem info: host: 'DESKTOP-8BD0QAM', ip: '192.168.99.1', os.name: 'Windows 10', os.arch: 'amd64', os.version: '10.0', java.version: '14.0.2'\nDriver info: org.openqa.selenium.chrome.ChromeDriver\nCommand: [6b8b9b76c14a01c4764c471d191f32ac, findElement {using=xpath, value=//input[@placeholder='Username']}]\nCapabilities {acceptInsecureCerts: false, browserName: chrome, browserVersion: 107.0.5304.88, chrome: {chromedriverVersion: 107.0.5304.62 (1eec40d3a576..., userDataDir: C:\\Users\\Anand\\AppData\\Loca...}, goog:chromeOptions: {debuggerAddress: localhost:60654}, networkConnectionEnabled: false, pageLoadStrategy: normal, platformName: WINDOWS, proxy: Proxy(), se:cdp: ws://localhost:60654/devtoo..., se:cdpVersion: 107.0.5304.88, setWindowRect: true, strictFileInteractability: false, timeouts: {implicit: 0, pageLoad: 300000, script: 30000}, unhandledPromptBehavior: dismiss and notify, webauthn:extension:credBlob: true, webauthn:extension:largeBlob: true, webauthn:virtualAuthenticators: true}\nSession ID: 6b8b9b76c14a01c4764c471d191f32ac\r\n\tat java.base/jdk.internal.reflect.NativeConstructorAccessorImpl.newInstance0(Native Method)\r\n\tat java.base/jdk.internal.reflect.NativeConstructorAccessorImpl.newInstance(NativeConstructorAccessorImpl.java:62)\r\n\tat java.base/jdk.internal.reflect.DelegatingConstructorAccessorImpl.newInstance(DelegatingConstructorAccessorImpl.java:45)\r\n\tat java.base/java.lang.reflect.Constructor.newInstanceWithCaller(Constructor.java:500)\r\n\tat java.base/java.lang.reflect.Constructor.newInstance(Constructor.java:481)\r\n\tat org.openqa.selenium.remote.codec.w3c.W3CHttpResponseCodec.createException(W3CHttpResponseCodec.java:200)\r\n\tat org.openqa.selenium.remote.codec.w3c.W3CHttpResponseCodec.decode(W3CHttpResponseCodec.java:133)\r\n\tat org.openqa.selenium.remote.codec.w3c.W3CHttpResponseCodec.decode(W3CHttpResponseCodec.java:53)\r\n\tat org.openqa.selenium.remote.HttpCommandExecutor.execute(HttpCommandExecutor.java:184)\r\n\tat org.openqa.selenium.remote.service.DriverCommandExecutor.invokeExecute(DriverCommandExecutor.java:167)\r\n\tat org.openqa.selenium.remote.service.DriverCommandExecutor.execute(DriverCommandExecutor.java:142)\r\n\tat org.openqa.selenium.remote.RemoteWebDriver.execute(RemoteWebDriver.java:547)\r\n\tat org.openqa.selenium.remote.ElementLocation$ElementFinder$2.findElement(ElementLocation.java:162)\r\n\tat org.openqa.selenium.remote.ElementLocation.findElement(ElementLocation.java:60)\r\n\tat org.openqa.selenium.remote.RemoteWebDriver.findElement(RemoteWebDriver.java:365)\r\n\tat org.openqa.selenium.remote.RemoteWebDriver.findElement(RemoteWebDriver.java:357)\r\n\tat org.openqa.selenium.support.pagefactory.DefaultElementLocator.findElement(DefaultElementLocator.java:70)\r\n\tat org.openqa.selenium.support.pagefactory.internal.LocatingElementHandler.invoke(LocatingElementHandler.java:39)\r\n\tat com.sun.proxy.$Proxy29.sendKeys(Unknown Source)\r\n\tat pages.LoginPage.enterUsername(LoginPage.java:35)\r\n\tat steps.LoginSteps.userEnterTheUserNameAs(LoginSteps.java:73)\r\n\tat ✽.User enter the user name as \"test\"(file:///D:/September/BDDCucumber/src/test/java/features/login.feature:28)\r\n","duration":75032197200,"status":"failed"},"line":28,"name":"User enter the user name as \"test\"","match":{"arguments":[{"val":"\"test\"","offset":28}],"location":"steps.LoginSteps.userEnterTheUserNameAs(java.lang.String)"},"keyword":"And "},{"result":{"status":"skipped"},"line":29,"name":"User enter the password as \"pass\"","match":{"arguments":[{"val":"\"pass\"","offset":27}],"location":"steps.LoginSteps.userEnterThePasswordAs(java.lang.String)"},"keyword":"And "},{"result":{"status":"skipped"},"line":30,"name":"User click on the login button","match":{"location":"steps.LoginSteps.userClickOnTheLoginButton()"},"keyword":"When "},{"result":{"status":"skipped"},"line":31,"name":"Login should be success","match":{"location":"steps.LoginSteps.loginShouldBeSuccess()"},"keyword":"Then "}],"tags":[{"name":"@regression"}]},{"line":3,"name":"","description":"","type":"background","keyword":"Background","steps":[{"result":{"status":"passed"},"line":4,"name":"User navigate to the organgeHRM application","match":{"location":"steps.LoginSteps.userNavigateToTheOrgangeHRMApplication()"},"keyword":"Given "}]},{"start_timestamp":"2022-11-07T19:34:41.223Z","before":[{"result":{"status":"passed"},"match":{"location":"MyHook.Hooks.initalization(io.cucumber.java.Scenario)"}},{"result":{"duration":5724296500,"status":"passed"},"match":{"location":"MyHook.Hooks.setup(io.cucumber.java.Scenario)"}}],"line":37,"name":"Verify user should be able to login to application","description":"","id":"login-functionality-of-oranghrm-application;verify-user-should-be-able-to-login-to-application;;4","after":[{"result":{"duration":363565000,"status":"passed"},"match":{"location":"MyHook.Hooks.teardown(io.cucumber.java.Scenario)"}},{"result":{"duration":1020200,"status":"passed"},"match":{"location":"MyHook.Hooks.deletecookies(io.cucumber.java.Scenario)"}}],"type":"scenario","keyword":"Scenario Outline","steps":[{"result":{"error_message":"org.openqa.selenium.NoSuchElementException: no such element: Unable to locate element: {\"method\":\"xpath\",\"selector\":\"//input[@placeholder='Username']\"}\n  (Session info: chrome=107.0.5304.88)\nFor documentation on this error, please visit: https://selenium.dev/exceptions/#no_such_element\nBuild info: version: '4.4.0', revision: 'e5c75ed026a'\nSystem info: host: 'DESKTOP-8BD0QAM', ip: '192.168.99.1', os.name: 'Windows 10', os.arch: 'amd64', os.version: '10.0', java.version: '14.0.2'\nDriver info: org.openqa.selenium.chrome.ChromeDriver\nCommand: [d2f99ce8f1efc6a37dcbddfeb13a356b, findElement {using=xpath, value=//input[@placeholder='Username']}]\nCapabilities {acceptInsecureCerts: false, browserName: chrome, browserVersion: 107.0.5304.88, chrome: {chromedriverVersion: 107.0.5304.62 (1eec40d3a576..., userDataDir: C:\\Users\\Anand\\AppData\\Loca...}, goog:chromeOptions: {debuggerAddress: localhost:60683}, networkConnectionEnabled: false, pageLoadStrategy: normal, platformName: WINDOWS, proxy: Proxy(), se:cdp: ws://localhost:60683/devtoo..., se:cdpVersion: 107.0.5304.88, setWindowRect: true, strictFileInteractability: false, timeouts: {implicit: 0, pageLoad: 300000, script: 30000}, unhandledPromptBehavior: dismiss and notify, webauthn:extension:credBlob: true, webauthn:extension:largeBlob: true, webauthn:virtualAuthenticators: true}\nSession ID: d2f99ce8f1efc6a37dcbddfeb13a356b\r\n\tat java.base/jdk.internal.reflect.NativeConstructorAccessorImpl.newInstance0(Native Method)\r\n\tat java.base/jdk.internal.reflect.NativeConstructorAccessorImpl.newInstance(NativeConstructorAccessorImpl.java:62)\r\n\tat java.base/jdk.internal.reflect.DelegatingConstructorAccessorImpl.newInstance(DelegatingConstructorAccessorImpl.java:45)\r\n\tat java.base/java.lang.reflect.Constructor.newInstanceWithCaller(Constructor.java:500)\r\n\tat java.base/java.lang.reflect.Constructor.newInstance(Constructor.java:481)\r\n\tat org.openqa.selenium.remote.codec.w3c.W3CHttpResponseCodec.createException(W3CHttpResponseCodec.java:200)\r\n\tat org.openqa.selenium.remote.codec.w3c.W3CHttpResponseCodec.decode(W3CHttpResponseCodec.java:133)\r\n\tat org.openqa.selenium.remote.codec.w3c.W3CHttpResponseCodec.decode(W3CHttpResponseCodec.java:53)\r\n\tat org.openqa.selenium.remote.HttpCommandExecutor.execute(HttpCommandExecutor.java:184)\r\n\tat org.openqa.selenium.remote.service.DriverCommandExecutor.invokeExecute(DriverCommandExecutor.java:167)\r\n\tat org.openqa.selenium.remote.service.DriverCommandExecutor.execute(DriverCommandExecutor.java:142)\r\n\tat org.openqa.selenium.remote.RemoteWebDriver.execute(RemoteWebDriver.java:547)\r\n\tat org.openqa.selenium.remote.ElementLocation$ElementFinder$2.findElement(ElementLocation.java:162)\r\n\tat org.openqa.selenium.remote.ElementLocation.findElement(ElementLocation.java:60)\r\n\tat org.openqa.selenium.remote.RemoteWebDriver.findElement(RemoteWebDriver.java:365)\r\n\tat org.openqa.selenium.remote.RemoteWebDriver.findElement(RemoteWebDriver.java:357)\r\n\tat org.openqa.selenium.support.pagefactory.DefaultElementLocator.findElement(DefaultElementLocator.java:70)\r\n\tat org.openqa.selenium.support.pagefactory.internal.LocatingElementHandler.invoke(LocatingElementHandler.java:39)\r\n\tat com.sun.proxy.$Proxy29.sendKeys(Unknown Source)\r\n\tat pages.LoginPage.enterUsername(LoginPage.java:35)\r\n\tat steps.LoginSteps.userEnterTheUserNameAs(LoginSteps.java:73)\r\n\tat ✽.User enter the user name as \"tester1\"(file:///D:/September/BDDCucumber/src/test/java/features/login.feature:28)\r\n","duration":75027307000,"status":"failed"},"line":28,"name":"User enter the user name as \"tester1\"","match":{"arguments":[{"val":"\"tester1\"","offset":28}],"location":"steps.LoginSteps.userEnterTheUserNameAs(java.lang.String)"},"keyword":"And "},{"result":{"duration":497700,"status":"skipped"},"line":29,"name":"User enter the password as \"wrong\"","match":{"arguments":[{"val":"\"wrong\"","offset":27}],"location":"steps.LoginSteps.userEnterThePasswordAs(java.lang.String)"},"keyword":"And "},{"result":{"status":"skipped"},"line":30,"name":"User click on the login button","match":{"location":"steps.LoginSteps.userClickOnTheLoginButton()"},"keyword":"When "},{"result":{"status":"skipped"},"line":31,"name":"Login should be success","match":{"location":"steps.LoginSteps.loginShouldBeSuccess()"},"keyword":"Then "}],"tags":[{"name":"@regression"}]}],"name":"Login functionality of OrangHRM application","description":"","id":"login-functionality-of-oranghrm-application","keyword":"Feature","uri":"file:src/test/java/features/login.feature","tags":[]}]